[2023-10-01 17:03:31] Setting up the script environment...
[2023-10-01 17:03:31] AWS CLI is installed
[2023-10-01 17:03:31] The default AWS profile exists
[2023-10-01 17:03:31] Building the application...
[2023-10-01 17:03:32] Creating role rm-analyzer-exec-role...
[2023-10-01 17:03:33] Resource already exists
[2023-10-01 17:03:34] Attaching policy arn:aws:iam::aws:policy/AmazonSESFullAccess to role rm-analyzer-exec-role...
[2023-10-01 17:03:35] Resource already exists
[2023-10-01 17:03:35] Attaching policy arn:aws:iam::aws:policy/service-role/AWSLambdaBasicExecutionRole to role rm-analyzer-exec-role...
[2023-10-01 17:03:36] Resource already exists
[2023-10-01 17:03:37] Attaching policy arn:aws:iam::aws:policy/AmazonS3ReadOnlyAccess to role rm-analyzer-exec-role...
[2023-10-01 17:03:38] Resource already exists
[2023-10-01 17:03:39] Creating S3 bucket rm-analyzer-sheets-prd...
[2023-10-01 17:03:39] Resource already exists
[2023-10-01 17:03:40] Creating S3 bucket rm-analyzer-config-prd...
[2023-10-01 17:03:41] Resource already exists
[2023-10-01 17:03:42] Uploading config file to S3 bucket rm-analyzer-config-prd...
[2023-10-01 17:03:43] Resource already exists
[2023-10-01 17:03:43] Zipping up lambda function...
  adding: main.py (deflated 75%)
[2023-10-01 17:03:43] Creating lambda function RMAnalyzer-prd...
[2023-10-01 17:03:44] Resource already exists
[2023-10-01 17:03:45] Adding invoke permissions to lambda function RMAnalyzer-prd...
[2023-10-01 17:03:46] Resource already exists
[2023-10-01 17:03:46] Setting up S3 bucket rm-analyzer-sheets-prd to trigger lambda function RMAnalyzer-prd...
[2023-10-01 17:03:47] Resource already exists
[2023-10-01 17:03:48] Build complete!
[2023-10-01 17:03:48] Use 'aws s3 cp <CSV path> s3://rm-analyzer-sheets-prd/' to get started
[2023-10-01 17:05:36] Setting up the script environment...
[2023-10-01 17:05:36] AWS CLI is installed
[2023-10-01 17:05:37] The default AWS profile exists
[2023-10-01 17:05:37] Building the application...
[2023-10-01 17:05:38] Creating role rm-analyzer-exec-role...
[2023-10-01 17:05:39] Resource already exists
[2023-10-01 17:05:40] Attaching policy arn:aws:iam::aws:policy/AmazonSESFullAccess to role rm-analyzer-exec-role...
[2023-10-01 17:05:40] Resource already exists
[2023-10-01 17:05:41] Attaching policy arn:aws:iam::aws:policy/service-role/AWSLambdaBasicExecutionRole to role rm-analyzer-exec-role...
[2023-10-01 17:05:42] Resource already exists
[2023-10-01 17:05:43] Attaching policy arn:aws:iam::aws:policy/AmazonS3ReadOnlyAccess to role rm-analyzer-exec-role...
[2023-10-01 17:05:43] Resource already exists
[2023-10-01 17:05:44] Creating S3 bucket rm-analyzer-sheets-prd...
[2023-10-01 17:05:45] Resource already exists
[2023-10-01 17:05:46] Creating S3 bucket rm-analyzer-config-prd...
[2023-10-01 17:05:47] Resource already exists
[2023-10-01 17:05:48] Uploading config file to S3 bucket rm-analyzer-config-prd...
[2023-10-01 17:05:48] Resource already exists
[2023-10-01 17:05:49] Zipping up lambda function...
Archive is current
[2023-10-01 17:05:49] Creating lambda function RMAnalyzer-prd...
[2023-10-01 17:05:50] Resource already exists
[2023-10-01 17:05:51] Adding invoke permissions to lambda function RMAnalyzer-prd...
[2023-10-01 17:05:52] Resource already exists
[2023-10-01 17:05:52] Setting up S3 bucket rm-analyzer-sheets-prd to trigger lambda function RMAnalyzer-prd...
[2023-10-01 17:05:53] Resource already exists
[2023-10-01 17:05:54] Build complete!
[2023-10-01 17:05:54] Use 'aws s3 cp <CSV path> s3://rm-analyzer-sheets-prd/' to get started
[2023-10-03 07:50:29] Setting up the script environment...
[2023-10-03 07:50:29] AWS CLI is installed
[2023-10-03 07:50:30] The default AWS profile exists
[2023-10-03 07:50:30] Building the application...
[2023-10-03 07:50:31] Creating role rm-analyzer-exec-role...
[2023-10-03 07:50:32] Resource already exists
[2023-10-03 07:50:33] Attaching policy arn:aws:iam::aws:policy/AmazonSESFullAccess to role rm-analyzer-exec-role...
[2023-10-03 07:50:34] Resource already exists
[2023-10-03 07:50:35] Attaching policy arn:aws:iam::aws:policy/service-role/AWSLambdaBasicExecutionRole to role rm-analyzer-exec-role...
[2023-10-03 07:50:35] Resource already exists
[2023-10-03 07:50:36] Attaching policy arn:aws:iam::aws:policy/AmazonS3ReadOnlyAccess to role rm-analyzer-exec-role...
[2023-10-03 07:50:37] Resource already exists
[2023-10-03 07:50:38] Creating S3 bucket rm-analyzer-sheets-prd...
[2023-10-03 07:50:39] Resource already exists
[2023-10-03 07:50:39] Creating S3 bucket rm-analyzer-config-prd...
[2023-10-03 07:50:40] Resource already exists
[2023-10-03 07:50:41] Uploading config file to S3 bucket rm-analyzer-config-prd...
[2023-10-03 07:50:42] Resource already exists
[2023-10-03 07:50:42] Zipping up lambda function...
Archive is current
[2023-10-03 07:50:42] Creating lambda function RMAnalyzer-prd...
[2023-10-03 07:50:43] Resource already exists
[2023-10-03 07:50:44] Adding invoke permissions to lambda function RMAnalyzer-prd...
[2023-10-03 07:50:45] Resource already exists
[2023-10-03 07:50:46] Setting up S3 bucket rm-analyzer-sheets-prd to trigger lambda function RMAnalyzer-prd...
[2023-10-03 07:50:46] Resource already exists
[2023-10-03 07:50:47] Build complete!
[2023-10-03 07:50:47] Use 'aws s3 cp <CSV path> s3://rm-analyzer-sheets-prd/' to get started
