[2023-10-01 10:13:07] Setting up the script environment...
[2023-10-01 10:13:07] AWS CLI is installed
[2023-10-01 10:13:08] The default AWS profile exists
[2023-10-01 10:13:08] Building the application...
[2023-10-01 10:13:09] Creating role rm-analyzer-exec-role...
[2023-10-01 10:13:10] Resource already exists
[2023-10-01 10:13:10] Attaching policy arn:aws:iam::aws:policy/AmazonSESFullAccess to role rm-analyzer-exec-role...
[2023-10-01 10:13:11] Resource already exists
[2023-10-01 10:13:12] Attaching policy arn:aws:iam::aws:policy/service-role/AWSLambdaBasicExecutionRole to role rm-analyzer-exec-role...
[2023-10-01 10:13:13] Resource already exists
[2023-10-01 10:13:14] Attaching policy arn:aws:iam::aws:policy/AmazonS3ReadOnlyAccess to role rm-analyzer-exec-role...
[2023-10-01 10:13:14] Resource already exists
[2023-10-01 10:13:15] Creating S3 bucket rm-analyzer-sheets-prd...
[2023-10-01 10:13:16] Resource already exists
[2023-10-01 10:13:17] Creating S3 bucket rm-analyzer-config-prd...
[2023-10-01 10:13:18] Resource already exists
[2023-10-01 10:13:18] Uploading config file to S3 bucket rm-analyzer-config-prd...
[2023-10-01 10:13:19] Resource already exists
[2023-10-01 10:13:20] Zipping up lambda function...
Archive is current
[2023-10-01 10:13:20] Creating lambda function RMAnalyzer-prd...
[2023-10-01 10:13:21] Resource already exists
[2023-10-01 10:13:22] Adding invoke permissions to lambda function RMAnalyzer-prd...
[2023-10-01 10:13:22] Resource already exists
[2023-10-01 10:13:23] Setting up S3 bucket rm-analyzer-sheets-prd to trigger lambda function RMAnalyzer-prd...
[2023-10-01 10:13:24] Resource already exists
[2023-10-01 10:13:25] Build complete!
[2023-10-01 10:13:25] Use 'aws s3 cp <CSV path> s3://rm-analyzer-sheets-prd/' to get started
